dic 29, 2022 4:54:44 AM org.apache.catalina.startup.VersionLoggerListener log
INFO: Server version name:   Apache Tomcat/9.0.68
dic 29, 2022 4:54:44 AM org.apache.catalina.startup.VersionLoggerListener log
INFO: Server built:          Oct 3 2022 19:06:10 UTC
dic 29, 2022 4:54:44 AM org.apache.catalina.startup.VersionLoggerListener log
INFO: Server version number: 9.0.68.0
dic 29, 2022 4:54:44 AM org.apache.catalina.startup.VersionLoggerListener log
INFO: OS Name:               Windows 11
dic 29, 2022 4:54:44 AM org.apache.catalina.startup.VersionLoggerListener log
INFO: OS Version:            10.0
dic 29, 2022 4:54:44 AM org.apache.catalina.startup.VersionLoggerListener log
INFO: Architecture:          amd64
dic 29, 2022 4:54:44 AM org.apache.catalina.startup.VersionLoggerListener log
INFO: Java Home:             C:\Program Files\Java\jdk-17.0.5
dic 29, 2022 4:54:44 AM org.apache.catalina.startup.VersionLoggerListener log
INFO: JVM Version:           17.0.5+9-LTS-191
dic 29, 2022 4:54:44 AM org.apache.catalina.startup.VersionLoggerListener log
INFO: JVM Vendor:            Oracle Corporation
dic 29, 2022 4:54:44 AM org.apache.catalina.startup.VersionLoggerListener log
INFO: CATALINA_BASE:         C:\Users\elect\eclipse-workspace\.metadata\.plugins\org.eclipse.wst.server.core\tmp0
dic 29, 2022 4:54:44 AM org.apache.catalina.startup.VersionLoggerListener log
INFO: CATALINA_HOME:         C:\Program Files\Apache Software Foundation\Tomcat 9.0
dic 29, 2022 4:54:44 AM org.apache.catalina.startup.VersionLoggerListener log
INFO: Command line argument: -Dcatalina.base=C:\Users\elect\eclipse-workspace\.metadata\.plugins\org.eclipse.wst.server.core\tmp0
dic 29, 2022 4:54:44 AM org.apache.catalina.startup.VersionLoggerListener log
INFO: Command line argument: -Dcatalina.home=C:\Program Files\Apache Software Foundation\Tomcat 9.0
dic 29, 2022 4:54:44 AM org.apache.catalina.startup.VersionLoggerListener log
INFO: Command line argument: -Dwtp.deploy=C:\Users\elect\eclipse-workspace\.metadata\.plugins\org.eclipse.wst.server.core\tmp0\wtpwebapps
dic 29, 2022 4:54:44 AM org.apache.catalina.startup.VersionLoggerListener log
INFO: Command line argument: --add-opens=java.base/java.lang=ALL-UNNAMED
dic 29, 2022 4:54:44 AM org.apache.catalina.startup.VersionLoggerListener log
INFO: Command line argument: --add-opens=java.base/java.io=ALL-UNNAMED
dic 29, 2022 4:54:44 AM org.apache.catalina.startup.VersionLoggerListener log
INFO: Command line argument: --add-opens=java.base/java.util=ALL-UNNAMED
dic 29, 2022 4:54:44 AM org.apache.catalina.startup.VersionLoggerListener log
INFO: Command line argument: --add-opens=java.base/java.util.concurrent=ALL-UNNAMED
dic 29, 2022 4:54:44 AM org.apache.catalina.startup.VersionLoggerListener log
INFO: Command line argument: --add-opens=java.rmi/sun.rmi.transport=ALL-UNNAMED
dic 29, 2022 4:54:44 AM org.apache.catalina.startup.VersionLoggerListener log
INFO: Command line argument: -Dfile.encoding=UTF-8
dic 29, 2022 4:54:44 AM org.apache.catalina.startup.VersionLoggerListener log
INFO: Command line argument: -XX:+ShowCodeDetailsInExceptionMessages
dic 29, 2022 4:54:44 AM org.apache.catalina.core.AprLifecycleListener lifecycleEvent
INFO: The Apache Tomcat Native library which allows using OpenSSL was not found on the java.library.path: [C:\Program Files\Java\jdk-17.0.5\bin;C:\WINDOWS\Sun\Java\bin;C:\WINDOWS\system32;C:\WINDOWS;C:\Program Files\Common Files\Oracle\Java\javapath;C:\Python310\Scripts\;C:\Python310\;C:\WINDOWS\system32;C:\WINDOWS;C:\WINDOWS\System32\Wbem;C:\WINDOWS\System32\WindowsPowerShell\v1.0\;C:\WINDOWS\System32\OpenSSH\;C:\Program Files\NVIDIA Corporation\NVIDIA NvDLISR;C:\Program Files\Microsoft SQL Server\150\Tools\Binn\;C:\Program Files\dotnet\;C:\Program Files (x86)\NVIDIA Corporation\PhysX\Common;C:\ProgramData\chocolatey\bin;C:\Program Files\nodejs\;C:\Program Files\Git\cmd;C:\WINDOWS\system32;C:\WINDOWS;C:\WINDOWS\System32\Wbem;C:\WINDOWS\System32\WindowsPowerShell\v1.0\;C:\WINDOWS\System32\OpenSSH\;C:\Program Files\MySQL\MySQL Shell 8.0\bin\;C:\Users\elect\AppData\Local\Programs\Python\Python39\Scripts\;C:\Users\elect\AppData\Local\Programs\Python\Python39\;C:\Users\elect\AppData\Local\Microsoft\WindowsApps;C:\Users\elect\.dotnet\tools;C:\Users\elect\AppData\Local\Programs\Microsoft VS Code\bin;C:\Users\elect\AppData\Roaming\npm;C:\Users\elect\AppData\Local\GitHubDesktop\bin;C:\Program Files\JetBrains\IntelliJ IDEA Community Edition 2022.1.1\bin;;;.]
dic 29, 2022 4:54:44 AM org.apache.coyote.AbstractProtocol init
INFO: Initializing ProtocolHandler ["http-nio-8080"]
dic 29, 2022 4:54:44 AM org.apache.catalina.startup.Catalina load
INFO: Server initialization in [471] milliseconds
dic 29, 2022 4:54:44 AM org.apache.catalina.core.StandardService startInternal
INFO: Starting service [Catalina]
dic 29, 2022 4:54:44 AM org.apache.catalina.core.StandardEngine startInternal
INFO: Starting Servlet engine: [Apache Tomcat/9.0.68]
dic 29, 2022 4:54:45 AM org.apache.jasper.servlet.TldScanner scanJars
INFO: At least one JAR was scanned for TLDs yet contained no TLDs. Enable debug logging for this logger for a complete list of JARs that were scanned but no TLDs were found in them. Skipping unneeded JARs during scanning can improve startup time and JSP compilation time.
dic 29, 2022 4:54:46 AM org.apache.jasper.servlet.TldScanner scanJars
INFO: At least one JAR was scanned for TLDs yet contained no TLDs. Enable debug logging for this logger for a complete list of JARs that were scanned but no TLDs were found in them. Skipping unneeded JARs during scanning can improve startup time and JSP compilation time.
dic 29, 2022 4:54:47 AM java.util.ArrayList forEach
WARNING: Name = project Property maxActive is not used in DBCP2, use maxTotal instead. maxTotal default value is 8. You have set value of "25" for "maxActive" property, which is being ignored.
dic 29, 2022 4:54:47 AM java.util.ArrayList forEach
WARNING: Name = project Property maxWait is not used in DBCP2 , use maxWaitMillis instead. maxWaitMillis default value is PT-0.001S. You have set value of "10000" for "maxWait" property, which is being ignored.
dic 29, 2022 4:54:47 AM org.apache.jasper.servlet.TldScanner scanJars
INFO: At least one JAR was scanned for TLDs yet contained no TLDs. Enable debug logging for this logger for a complete list of JARs that were scanned but no TLDs were found in them. Skipping unneeded JARs during scanning can improve startup time and JSP compilation time.
dic 29, 2022 4:54:48 AM org.apache.jasper.servlet.TldScanner scanJars
INFO: At least one JAR was scanned for TLDs yet contained no TLDs. Enable debug logging for this logger for a complete list of JARs that were scanned but no TLDs were found in them. Skipping unneeded JARs during scanning can improve startup time and JSP compilation time.
dic 29, 2022 4:54:48 AM org.apache.coyote.AbstractProtocol start
INFO: Starting ProtocolHandler ["http-nio-8080"]
dic 29, 2022 4:54:48 AM org.apache.catalina.startup.Catalina start
INFO: Server startup in [3104] milliseconds
photo_2022-09-18_17-50-12.jpg
java.io.FileNotFoundException: c:\images\photo_2022-09-18_17-50-12.jpg (Impossibile trovare il percorso specificato)
	at java.base/java.io.FileOutputStream.open0(Native Method)
	at java.base/java.io.FileOutputStream.open(FileOutputStream.java:293)
	at java.base/java.io.FileOutputStream.<init>(FileOutputStream.java:235)
	at java.base/java.io.FileOutputStream.<init>(FileOutputStream.java:184)
	at org.apache.commons.fileupload.disk.DiskFileItem.write(DiskFileItem.java:417)
	at servelts.ImageUpload.doPost(ImageUpload.java:32)
	at javax.servlet.http.HttpServlet.service(HttpServlet.java:696)
	at javax.servlet.http.HttpServlet.service(HttpServlet.java:779)
	at org.apache.catalina.core.ApplicationFilterChain.internalDoFilter(ApplicationFilterChain.java:227)
	at org.apache.catalina.core.ApplicationFilterChain.doFilter(ApplicationFilterChain.java:162)
	at org.apache.tomcat.websocket.server.WsFilter.doFilter(WsFilter.java:53)
	at org.apache.catalina.core.ApplicationFilterChain.internalDoFilter(ApplicationFilterChain.java:189)
	at org.apache.catalina.core.ApplicationFilterChain.doFilter(ApplicationFilterChain.java:162)
	at org.apache.catalina.core.StandardWrapperValve.invoke(StandardWrapperValve.java:197)
	at org.apache.catalina.core.StandardContextValve.invoke(StandardContextValve.java:97)
	at org.apache.catalina.authenticator.AuthenticatorBase.invoke(AuthenticatorBase.java:541)
	at org.apache.catalina.core.StandardHostValve.invoke(StandardHostValve.java:135)
	at org.apache.catalina.valves.ErrorReportValve.invoke(ErrorReportValve.java:92)
	at org.apache.catalina.valves.AbstractAccessLogValve.invoke(AbstractAccessLogValve.java:687)
	at org.apache.catalina.core.StandardEngineValve.invoke(StandardEngineValve.java:78)
	at org.apache.catalina.connector.CoyoteAdapter.service(CoyoteAdapter.java:360)
	at org.apache.coyote.http11.Http11Processor.service(Http11Processor.java:399)
	at org.apache.coyote.AbstractProcessorLight.process(AbstractProcessorLight.java:65)
	at org.apache.coyote.AbstractProtocol$ConnectionHandler.process(AbstractProtocol.java:893)
	at org.apache.tomcat.util.net.NioEndpoint$SocketProcessor.doRun(NioEndpoint.java:1789)
	at org.apache.tomcat.util.net.SocketProcessorBase.run(SocketProcessorBase.java:49)
	at org.apache.tomcat.util.threads.ThreadPoolExecutor.runWorker(ThreadPoolExecutor.java:1191)
	at org.apache.tomcat.util.threads.ThreadPoolExecutor$Worker.run(ThreadPoolExecutor.java:659)
	at org.apache.tomcat.util.threads.TaskThread$WrappingRunnable.run(TaskThread.java:61)
	at java.base/java.lang.Thread.run(Thread.java:833)
photo_2022-09-18_17-50-12.jpg
dic 29, 2022 4:55:40 AM org.apache.catalina.core.StandardContext backgroundProcess
WARNING: Exception processing loader [WebappLoader[StandardEngine[Catalina].StandardHost[localhost].StandardContext[/S22L01]]] background process
java.lang.IllegalStateException: java.io.IOException: java.lang.reflect.InvocationTargetException
	at org.apache.catalina.webresources.AbstractSingleArchiveResourceSet.getArchiveEntry(AbstractSingleArchiveResourceSet.java:101)
	at org.apache.catalina.webresources.AbstractArchiveResourceSet.getResource(AbstractArchiveResourceSet.java:263)
	at org.apache.catalina.webresources.StandardRoot.getResourceInternal(StandardRoot.java:281)
	at org.apache.catalina.webresources.Cache.getResource(Cache.java:64)
	at org.apache.catalina.webresources.StandardRoot.getResource(StandardRoot.java:216)
	at org.apache.catalina.webresources.StandardRoot.getClassLoaderResource(StandardRoot.java:225)
	at org.apache.catalina.loader.WebappClassLoaderBase.modified(WebappClassLoaderBase.java:745)
	at org.apache.catalina.loader.WebappLoader.modified(WebappLoader.java:362)
	at org.apache.catalina.loader.WebappLoader.backgroundProcess(WebappLoader.java:306)
	at org.apache.catalina.core.StandardContext.backgroundProcess(StandardContext.java:5614)
	at org.apache.catalina.core.ContainerBase$ContainerBackgroundProcessor.processChildren(ContainerBase.java:1365)
	at org.apache.catalina.core.ContainerBase$ContainerBackgroundProcessor.processChildren(ContainerBase.java:1369)
	at org.apache.catalina.core.ContainerBase$ContainerBackgroundProcessor.processChildren(ContainerBase.java:1369)
	at org.apache.catalina.core.ContainerBase$ContainerBackgroundProcessor.run(ContainerBase.java:1347)
	at java.base/java.util.concurrent.Executors$RunnableAdapter.call(Executors.java:539)
	at java.base/java.util.concurrent.FutureTask.runAndReset(FutureTask.java:305)
	at java.base/java.util.concurrent.ScheduledThreadPoolExecutor$ScheduledFutureTask.run(ScheduledThreadPoolExecutor.java:305)
	at java.base/java.util.concurrent.ThreadPoolExecutor.runWorker(ThreadPoolExecutor.java:1136)
	at java.base/java.util.concurrent.ThreadPoolExecutor$Worker.run(ThreadPoolExecutor.java:635)
	at org.apache.tomcat.util.threads.TaskThread$WrappingRunnable.run(TaskThread.java:61)
	at java.base/java.lang.Thread.run(Thread.java:833)
Caused by: java.io.IOException: java.lang.reflect.InvocationTargetException
	at org.apache.tomcat.util.compat.Jre9Compat.jarFileNewInstance(Jre9Compat.java:209)
	at org.apache.tomcat.util.compat.JreCompat.jarFileNewInstance(JreCompat.java:240)
	at org.apache.catalina.webresources.AbstractArchiveResourceSet.openJarFile(AbstractArchiveResourceSet.java:314)
	at org.apache.catalina.webresources.AbstractSingleArchiveResourceSet.getArchiveEntry(AbstractSingleArchiveResourceSet.java:97)
	... 20 more
Caused by: java.lang.reflect.InvocationTargetException
	at java.base/jdk.internal.reflect.GeneratedConstructorAccessor7.newInstance(Unknown Source)
	at java.base/jdk.internal.reflect.DelegatingConstructorAccessorImpl.newInstance(DelegatingConstructorAccessorImpl.java:45)
	at java.base/java.lang.reflect.Constructor.newInstanceWithCaller(Constructor.java:499)
	at java.base/java.lang.reflect.Constructor.newInstance(Constructor.java:480)
	at org.apache.tomcat.util.compat.Jre9Compat.jarFileNewInstance(Jre9Compat.java:206)
	... 23 more
Caused by: java.nio.file.NoSuchFileException: C:\Users\elect\eclipse-workspace\.metadata\.plugins\org.eclipse.wst.server.core\tmp0\wtpwebapps\S22L01 - Add Hibernate Support\WEB-INF\lib\antlr-2.7.7.jar
	at java.base/sun.nio.fs.WindowsException.translateToIOException(WindowsException.java:85)
	at java.base/sun.nio.fs.WindowsException.rethrowAsIOException(WindowsException.java:103)
	at java.base/sun.nio.fs.WindowsException.rethrowAsIOException(WindowsException.java:108)
	at java.base/sun.nio.fs.WindowsFileAttributeViews$Basic.readAttributes(WindowsFileAttributeViews.java:53)
	at java.base/sun.nio.fs.WindowsFileAttributeViews$Basic.readAttributes(WindowsFileAttributeViews.java:38)
	at java.base/sun.nio.fs.WindowsFileSystemProvider.readAttributes(WindowsFileSystemProvider.java:199)
	at java.base/java.nio.file.Files.readAttributes(Files.java:1851)
	at java.base/java.util.zip.ZipFile$Source.get(ZipFile.java:1264)
	at java.base/java.util.zip.ZipFile$CleanableResource.<init>(ZipFile.java:709)
	at java.base/java.util.zip.ZipFile.<init>(ZipFile.java:243)
	at java.base/java.util.zip.ZipFile.<init>(ZipFile.java:172)
	at java.base/java.util.jar.JarFile.<init>(JarFile.java:347)
	... 28 more

dic 29, 2022 4:55:51 AM org.apache.catalina.core.StandardContext backgroundProcess
WARNING: Exception processing loader [WebappLoader[StandardEngine[Catalina].StandardHost[localhost].StandardContext[/S22L01]]] background process
java.lang.IllegalStateException: java.io.IOException: java.lang.reflect.InvocationTargetException
	at org.apache.catalina.webresources.AbstractSingleArchiveResourceSet.getArchiveEntry(AbstractSingleArchiveResourceSet.java:101)
	at org.apache.catalina.webresources.AbstractArchiveResourceSet.getResource(AbstractArchiveResourceSet.java:263)
	at org.apache.catalina.webresources.StandardRoot.getResourceInternal(StandardRoot.java:281)
	at org.apache.catalina.webresources.Cache.getResource(Cache.java:64)
	at org.apache.catalina.webresources.StandardRoot.getResource(StandardRoot.java:216)
	at org.apache.catalina.webresources.StandardRoot.getClassLoaderResource(StandardRoot.java:225)
	at org.apache.catalina.loader.WebappClassLoaderBase.modified(WebappClassLoaderBase.java:745)
	at org.apache.catalina.loader.WebappLoader.modified(WebappLoader.java:362)
	at org.apache.catalina.loader.WebappLoader.backgroundProcess(WebappLoader.java:306)
	at org.apache.catalina.core.StandardContext.backgroundProcess(StandardContext.java:5614)
	at org.apache.catalina.core.ContainerBase$ContainerBackgroundProcessor.processChildren(ContainerBase.java:1365)
	at org.apache.catalina.core.ContainerBase$ContainerBackgroundProcessor.processChildren(ContainerBase.java:1369)
	at org.apache.catalina.core.ContainerBase$ContainerBackgroundProcessor.processChildren(ContainerBase.java:1369)
	at org.apache.catalina.core.ContainerBase$ContainerBackgroundProcessor.run(ContainerBase.java:1347)
	at java.base/java.util.concurrent.Executors$RunnableAdapter.call(Executors.java:539)
	at java.base/java.util.concurrent.FutureTask.runAndReset(FutureTask.java:305)
	at java.base/java.util.concurrent.ScheduledThreadPoolExecutor$ScheduledFutureTask.run(ScheduledThreadPoolExecutor.java:305)
	at java.base/java.util.concurrent.ThreadPoolExecutor.runWorker(ThreadPoolExecutor.java:1136)
	at java.base/java.util.concurrent.ThreadPoolExecutor$Worker.run(ThreadPoolExecutor.java:635)
	at org.apache.tomcat.util.threads.TaskThread$WrappingRunnable.run(TaskThread.java:61)
	at java.base/java.lang.Thread.run(Thread.java:833)
Caused by: java.io.IOException: java.lang.reflect.InvocationTargetException
	at org.apache.tomcat.util.compat.Jre9Compat.jarFileNewInstance(Jre9Compat.java:209)
	at org.apache.tomcat.util.compat.JreCompat.jarFileNewInstance(JreCompat.java:240)
	at org.apache.catalina.webresources.AbstractArchiveResourceSet.openJarFile(AbstractArchiveResourceSet.java:314)
	at org.apache.catalina.webresources.AbstractSingleArchiveResourceSet.getArchiveEntry(AbstractSingleArchiveResourceSet.java:97)
	... 20 more
Caused by: java.lang.reflect.InvocationTargetException
	at java.base/jdk.internal.reflect.GeneratedConstructorAccessor7.newInstance(Unknown Source)
	at java.base/jdk.internal.reflect.DelegatingConstructorAccessorImpl.newInstance(DelegatingConstructorAccessorImpl.java:45)
	at java.base/java.lang.reflect.Constructor.newInstanceWithCaller(Constructor.java:499)
	at java.base/java.lang.reflect.Constructor.newInstance(Constructor.java:480)
	at org.apache.tomcat.util.compat.Jre9Compat.jarFileNewInstance(Jre9Compat.java:206)
	... 23 more
Caused by: java.nio.file.NoSuchFileException: C:\Users\elect\eclipse-workspace\.metadata\.plugins\org.eclipse.wst.server.core\tmp0\wtpwebapps\S22L01 - Add Hibernate Support\WEB-INF\lib\antlr-2.7.7.jar
	at java.base/sun.nio.fs.WindowsException.translateToIOException(WindowsException.java:85)
	at java.base/sun.nio.fs.WindowsException.rethrowAsIOException(WindowsException.java:103)
	at java.base/sun.nio.fs.WindowsException.rethrowAsIOException(WindowsException.java:108)
	at java.base/sun.nio.fs.WindowsFileAttributeViews$Basic.readAttributes(WindowsFileAttributeViews.java:53)
	at java.base/sun.nio.fs.WindowsFileAttributeViews$Basic.readAttributes(WindowsFileAttributeViews.java:38)
	at java.base/sun.nio.fs.WindowsFileSystemProvider.readAttributes(WindowsFileSystemProvider.java:199)
	at java.base/java.nio.file.Files.readAttributes(Files.java:1851)
	at java.base/java.util.zip.ZipFile$Source.get(ZipFile.java:1264)
	at java.base/java.util.zip.ZipFile$CleanableResource.<init>(ZipFile.java:709)
	at java.base/java.util.zip.ZipFile.<init>(ZipFile.java:243)
	at java.base/java.util.zip.ZipFile.<init>(ZipFile.java:172)
	at java.base/java.util.jar.JarFile.<init>(JarFile.java:347)
	... 28 more

dic 29, 2022 4:56:01 AM org.apache.catalina.core.StandardContext backgroundProcess
WARNING: Exception processing loader [WebappLoader[StandardEngine[Catalina].StandardHost[localhost].StandardContext[/S22L01]]] background process
java.lang.IllegalStateException: java.io.IOException: java.lang.reflect.InvocationTargetException
	at org.apache.catalina.webresources.AbstractSingleArchiveResourceSet.getArchiveEntry(AbstractSingleArchiveResourceSet.java:101)
	at org.apache.catalina.webresources.AbstractArchiveResourceSet.getResource(AbstractArchiveResourceSet.java:263)
	at org.apache.catalina.webresources.StandardRoot.getResourceInternal(StandardRoot.java:281)
	at org.apache.catalina.webresources.Cache.getResource(Cache.java:64)
	at org.apache.catalina.webresources.StandardRoot.getResource(StandardRoot.java:216)
	at org.apache.catalina.webresources.StandardRoot.getClassLoaderResource(StandardRoot.java:225)
	at org.apache.catalina.loader.WebappClassLoaderBase.modified(WebappClassLoaderBase.java:745)
	at org.apache.catalina.loader.WebappLoader.modified(WebappLoader.java:362)
	at org.apache.catalina.loader.WebappLoader.backgroundProcess(WebappLoader.java:306)
	at org.apache.catalina.core.StandardContext.backgroundProcess(StandardContext.java:5614)
	at org.apache.catalina.core.ContainerBase$ContainerBackgroundProcessor.processChildren(ContainerBase.java:1365)
	at org.apache.catalina.core.ContainerBase$ContainerBackgroundProcessor.processChildren(ContainerBase.java:1369)
	at org.apache.catalina.core.ContainerBase$ContainerBackgroundProcessor.processChildren(ContainerBase.java:1369)
	at org.apache.catalina.core.ContainerBase$ContainerBackgroundProcessor.run(ContainerBase.java:1347)
	at java.base/java.util.concurrent.Executors$RunnableAdapter.call(Executors.java:539)
	at java.base/java.util.concurrent.FutureTask.runAndReset(FutureTask.java:305)
	at java.base/java.util.concurrent.ScheduledThreadPoolExecutor$ScheduledFutureTask.run(ScheduledThreadPoolExecutor.java:305)
	at java.base/java.util.concurrent.ThreadPoolExecutor.runWorker(ThreadPoolExecutor.java:1136)
	at java.base/java.util.concurrent.ThreadPoolExecutor$Worker.run(ThreadPoolExecutor.java:635)
	at org.apache.tomcat.util.threads.TaskThread$WrappingRunnable.run(TaskThread.java:61)
	at java.base/java.lang.Thread.run(Thread.java:833)
Caused by: java.io.IOException: java.lang.reflect.InvocationTargetException
	at org.apache.tomcat.util.compat.Jre9Compat.jarFileNewInstance(Jre9Compat.java:209)
	at org.apache.tomcat.util.compat.JreCompat.jarFileNewInstance(JreCompat.java:240)
	at org.apache.catalina.webresources.AbstractArchiveResourceSet.openJarFile(AbstractArchiveResourceSet.java:314)
	at org.apache.catalina.webresources.AbstractSingleArchiveResourceSet.getArchiveEntry(AbstractSingleArchiveResourceSet.java:97)
	... 20 more
Caused by: java.lang.reflect.InvocationTargetException
	at java.base/jdk.internal.reflect.GeneratedConstructorAccessor7.newInstance(Unknown Source)
	at java.base/jdk.internal.reflect.DelegatingConstructorAccessorImpl.newInstance(DelegatingConstructorAccessorImpl.java:45)
	at java.base/java.lang.reflect.Constructor.newInstanceWithCaller(Constructor.java:499)
	at java.base/java.lang.reflect.Constructor.newInstance(Constructor.java:480)
	at org.apache.tomcat.util.compat.Jre9Compat.jarFileNewInstance(Jre9Compat.java:206)
	... 23 more
Caused by: java.nio.file.NoSuchFileException: C:\Users\elect\eclipse-workspace\.metadata\.plugins\org.eclipse.wst.server.core\tmp0\wtpwebapps\S22L01 - Add Hibernate Support\WEB-INF\lib\antlr-2.7.7.jar
	at java.base/sun.nio.fs.WindowsException.translateToIOException(WindowsException.java:85)
	at java.base/sun.nio.fs.WindowsException.rethrowAsIOException(WindowsException.java:103)
	at java.base/sun.nio.fs.WindowsException.rethrowAsIOException(WindowsException.java:108)
	at java.base/sun.nio.fs.WindowsFileAttributeViews$Basic.readAttributes(WindowsFileAttributeViews.java:53)
	at java.base/sun.nio.fs.WindowsFileAttributeViews$Basic.readAttributes(WindowsFileAttributeViews.java:38)
	at java.base/sun.nio.fs.WindowsFileSystemProvider.readAttributes(WindowsFileSystemProvider.java:199)
	at java.base/java.nio.file.Files.readAttributes(Files.java:1851)
	at java.base/java.util.zip.ZipFile$Source.get(ZipFile.java:1264)
	at java.base/java.util.zip.ZipFile$CleanableResource.<init>(ZipFile.java:709)
	at java.base/java.util.zip.ZipFile.<init>(ZipFile.java:243)
	at java.base/java.util.zip.ZipFile.<init>(ZipFile.java:172)
	at java.base/java.util.jar.JarFile.<init>(JarFile.java:347)
	... 28 more

dic 29, 2022 4:56:11 AM org.apache.catalina.core.StandardContext backgroundProcess
WARNING: Exception processing loader [WebappLoader[StandardEngine[Catalina].StandardHost[localhost].StandardContext[/S22L01]]] background process
java.lang.IllegalStateException: java.io.IOException: java.lang.reflect.InvocationTargetException
	at org.apache.catalina.webresources.AbstractSingleArchiveResourceSet.getArchiveEntry(AbstractSingleArchiveResourceSet.java:101)
	at org.apache.catalina.webresources.AbstractArchiveResourceSet.getResource(AbstractArchiveResourceSet.java:263)
	at org.apache.catalina.webresources.StandardRoot.getResourceInternal(StandardRoot.java:281)
	at org.apache.catalina.webresources.Cache.getResource(Cache.java:64)
	at org.apache.catalina.webresources.StandardRoot.getResource(StandardRoot.java:216)
	at org.apache.catalina.webresources.StandardRoot.getClassLoaderResource(StandardRoot.java:225)
	at org.apache.catalina.loader.WebappClassLoaderBase.modified(WebappClassLoaderBase.java:745)
	at org.apache.catalina.loader.WebappLoader.modified(WebappLoader.java:362)
	at org.apache.catalina.loader.WebappLoader.backgroundProcess(WebappLoader.java:306)
	at org.apache.catalina.core.StandardContext.backgroundProcess(StandardContext.java:5614)
	at org.apache.catalina.core.ContainerBase$ContainerBackgroundProcessor.processChildren(ContainerBase.java:1365)
	at org.apache.catalina.core.ContainerBase$ContainerBackgroundProcessor.processChildren(ContainerBase.java:1369)
	at org.apache.catalina.core.ContainerBase$ContainerBackgroundProcessor.processChildren(ContainerBase.java:1369)
	at org.apache.catalina.core.ContainerBase$ContainerBackgroundProcessor.run(ContainerBase.java:1347)
	at java.base/java.util.concurrent.Executors$RunnableAdapter.call(Executors.java:539)
	at java.base/java.util.concurrent.FutureTask.runAndReset(FutureTask.java:305)
	at java.base/java.util.concurrent.ScheduledThreadPoolExecutor$ScheduledFutureTask.run(ScheduledThreadPoolExecutor.java:305)
	at java.base/java.util.concurrent.ThreadPoolExecutor.runWorker(ThreadPoolExecutor.java:1136)
	at java.base/java.util.concurrent.ThreadPoolExecutor$Worker.run(ThreadPoolExecutor.java:635)
	at org.apache.tomcat.util.threads.TaskThread$WrappingRunnable.run(TaskThread.java:61)
	at java.base/java.lang.Thread.run(Thread.java:833)
Caused by: java.io.IOException: java.lang.reflect.InvocationTargetException
	at org.apache.tomcat.util.compat.Jre9Compat.jarFileNewInstance(Jre9Compat.java:209)
	at org.apache.tomcat.util.compat.JreCompat.jarFileNewInstance(JreCompat.java:240)
	at org.apache.catalina.webresources.AbstractArchiveResourceSet.openJarFile(AbstractArchiveResourceSet.java:314)
	at org.apache.catalina.webresources.AbstractSingleArchiveResourceSet.getArchiveEntry(AbstractSingleArchiveResourceSet.java:97)
	... 20 more
Caused by: java.lang.reflect.InvocationTargetException
	at java.base/jdk.internal.reflect.GeneratedConstructorAccessor7.newInstance(Unknown Source)
	at java.base/jdk.internal.reflect.DelegatingConstructorAccessorImpl.newInstance(DelegatingConstructorAccessorImpl.java:45)
	at java.base/java.lang.reflect.Constructor.newInstanceWithCaller(Constructor.java:499)
	at java.base/java.lang.reflect.Constructor.newInstance(Constructor.java:480)
	at org.apache.tomcat.util.compat.Jre9Compat.jarFileNewInstance(Jre9Compat.java:206)
	... 23 more
Caused by: java.nio.file.NoSuchFileException: C:\Users\elect\eclipse-workspace\.metadata\.plugins\org.eclipse.wst.server.core\tmp0\wtpwebapps\S22L01 - Add Hibernate Support\WEB-INF\lib\antlr-2.7.7.jar
	at java.base/sun.nio.fs.WindowsException.translateToIOException(WindowsException.java:85)
	at java.base/sun.nio.fs.WindowsException.rethrowAsIOException(WindowsException.java:103)
	at java.base/sun.nio.fs.WindowsException.rethrowAsIOException(WindowsException.java:108)
	at java.base/sun.nio.fs.WindowsFileAttributeViews$Basic.readAttributes(WindowsFileAttributeViews.java:53)
	at java.base/sun.nio.fs.WindowsFileAttributeViews$Basic.readAttributes(WindowsFileAttributeViews.java:38)
	at java.base/sun.nio.fs.WindowsFileSystemProvider.readAttributes(WindowsFileSystemProvider.java:199)
	at java.base/java.nio.file.Files.readAttributes(Files.java:1851)
	at java.base/java.util.zip.ZipFile$Source.get(ZipFile.java:1264)
	at java.base/java.util.zip.ZipFile$CleanableResource.<init>(ZipFile.java:709)
	at java.base/java.util.zip.ZipFile.<init>(ZipFile.java:243)
	at java.base/java.util.zip.ZipFile.<init>(ZipFile.java:172)
	at java.base/java.util.jar.JarFile.<init>(JarFile.java:347)
	... 28 more

